{"level":"http","message":"POST /api/opportunities/events 200 498 - 340.248 ms","timestamp":"2023-03-28 19:44:14"}
{"level":"http","message":"POST /api/opportunities/events 200 476 - 984.930 ms","timestamp":"2023-03-28 19:45:18"}
{"level":"http","message":"POST /api/opportunities/events 200 446 - 302.572 ms","timestamp":"2023-03-28 19:45:47"}
{"level":"http","message":"POST /api/opportunities/events 200 570 - 305.585 ms","timestamp":"2023-03-28 19:46:16"}
{"level":"http","message":"POST /api/opportunities/events 200 538 - 287.065 ms","timestamp":"2023-03-28 19:46:38"}
{"level":"http","message":"POST /api/opportunities/events 200 464 - 335.905 ms","timestamp":"2023-03-28 19:47:22"}
{"level":"http","message":"POST /api/opportunities/events 200 555 - 304.489 ms","timestamp":"2023-03-28 19:47:45"}
{"level":"http","message":"POST /api/opportunities/events 200 469 - 285.944 ms","timestamp":"2023-03-28 19:48:04"}
{"level":"http","message":"POST /api/opportunities/events 200 659 - 288.903 ms","timestamp":"2023-03-28 19:48:23"}
{"level":"http","message":"POST /api/opportunities/events 200 474 - 320.651 ms","timestamp":"2023-03-28 19:49:06"}
{"level":"http","message":"POST /api/opportunities/events 200 524 - 316.485 ms","timestamp":"2023-03-28 19:49:26"}
{"level":"http","message":"POST /api/opportunities/events 200 618 - 333.918 ms","timestamp":"2023-03-28 19:49:41"}
{"level":"http","message":"POST /api/opportunities/events 200 667 - 463.758 ms","timestamp":"2023-03-28 19:49:58"}
{"level":"http","message":"POST /api/opportunities/events 200 553 - 329.859 ms","timestamp":"2023-03-28 19:50:15"}
{"level":"http","message":"POST /api/opportunities/events 200 319 - 289.117 ms","timestamp":"2023-03-28 19:50:37"}
{"level":"http","message":"GET /api/opportunities/events 200 7635 - 362.801 ms","timestamp":"2023-03-28 19:50:45"}
{"level":"http","message":"POST /api/members 200 374 - 364.546 ms","timestamp":"2023-03-28 19:54:49"}
{"level":"http","message":"POST /api/members 200 305 - 298.856 ms","timestamp":"2023-03-28 19:55:13"}
{"level":"http","message":"POST /api/members 200 351 - 285.003 ms","timestamp":"2023-03-28 19:55:30"}
{"level":"http","message":"POST /api/members 200 291 - 281.212 ms","timestamp":"2023-03-28 19:55:46"}
{"level":"http","message":"POST /api/members 200 316 - 332.184 ms","timestamp":"2023-03-28 19:56:03"}
{"level":"http","message":"POST /api/members 200 301 - 298.104 ms","timestamp":"2023-03-28 19:56:22"}
{"level":"http","message":"POST /api/members 200 291 - 326.727 ms","timestamp":"2023-03-28 19:56:38"}
{"level":"http","message":"POST /api/members 200 285 - 308.310 ms","timestamp":"2023-03-28 19:56:57"}
{"level":"http","message":"GET /api/members 200 2438 - 269.921 ms","timestamp":"2023-03-28 19:57:06"}
{"level":"http","message":"GET /api/members 200 2438 - 339.202 ms","timestamp":"2023-03-28 19:59:28"}
{"level":"http","message":"GET /api/members 304 - - 268.945 ms","timestamp":"2023-03-28 19:59:29"}
{"level":"http","message":"GET /api/members 304 - - 341.726 ms","timestamp":"2023-03-28 19:59:29"}
{"level":"http","message":"GET /api/opportunities/events 200 7635 - 283.371 ms","timestamp":"2023-03-28 19:59:34"}
{"level":"http","message":"GET /api/opportunities/events 304 - - 280.351 ms","timestamp":"2023-03-28 19:59:35"}
{"level":"http","message":"GET /api/opportunities/events 304 - - 1676.068 ms","timestamp":"2023-03-28 20:05:31"}
{"level":"http","message":"GET /api/opportunities/events 304 - - 551.758 ms","timestamp":"2023-03-28 20:05:31"}
{"level":"http","message":"GET /api/members 304 - - 332.498 ms","timestamp":"2023-03-28 20:16:51"}
{"level":"http","message":"GET /api/members 304 - - 309.583 ms","timestamp":"2023-03-28 20:16:51"}
{"level":"http","message":"GET /api/members 304 - - 290.221 ms","timestamp":"2023-03-28 20:16:52"}
{"level":"http","message":"GET /api/opportunities/events 304 - - 663.363 ms","timestamp":"2023-03-28 20:17:07"}
{"level":"http","message":"GET /api/opportunities/events 304 - - 572.199 ms","timestamp":"2023-03-28 20:17:07"}
{"level":"http","message":"GET /api/opportunities/events 304 - - 1969.307 ms","timestamp":"2023-03-28 22:08:19"}
{"level":"http","message":"GET /api/opportunities/events 304 - - 272.337 ms","timestamp":"2023-03-28 22:08:19"}
